C:\Program Files (x86)\GnuWin32\bin\make.exe all -f C:\Users\tmpk0\Downloads\pylambda-master\Makefile --print-data-base --no-builtin-variables --no-builtin-rules --question
# GNU Make 3.81
# Copyright (C) 2006  Free Software Foundation, Inc.
# This is free software; see the source for copying conditions.
# There is NO warranty; not even for MERCHANTABILITY or FITNESS FOR A
# PARTICULAR PURPOSE.

# This program built for i386-pc-mingw32
 
make: C:\Users\tmpk0\Downloads\pylambda-master\Makefile: No such file or directory


# Make data base, printed on Tue May 31 15:36:56 2022

# Variables

# automatic
<D = $(patsubst %/,%,$(dir $<))
# automatic
?F = $(notdir $?)
# environment
ELECTRON_NO_ATTACH_CONSOLE = 1
# makefile
MAKEFLAGS = Rrp
# environment
VSCODE_LOG_NATIVE = false
# automatic
?D = $(patsubst %/,%,$(dir $?))
# automatic
@D = $(patsubst %/,%,$(dir $@))
# environment
HOMEDRIVE = C:
# automatic
@F = $(notdir $@)
# automatic
^D = $(patsubst %/,%,$(dir $^))
# makefile
CURDIR := c:/Users/tmpk0/OneDrive/Documents/Projects/Th 
irdYearProject
# default
SHELL := sh.exe
# environment
WINDIR = C:\WINDOWS
# environment
VSCODE_NLS_CONFIG = {"locale":"en-gb","availableLanguages":{},"_languagePackSupport":true}
# environment
ONEDRIVE = C:\Users\tmpk0\OneDrive
# environment
PATHEXT = .COM;.EXE;.BAT;.CMD;.VBS;.VBE;.JS;.JSE;.WSF;.WSH;.MSC
# makefile
MAKEFILE_LIST := 
# environment
FPS_BROWSER_USER_PROFILE_STRING = Default
# environment
TMP = C:\Users\tmpk0\AppData\Local\Temp
# environment
VSCODE_VERBOSE_LOGGING = true
# environment
PROGRAMW6432 = C:\Program Files
# environment
PROGRAMDATA = C:\ProgramData
# environment
VSCODE_IPC_HOOK_EXTHOST = \\.\pipe\vscode-ipc-bb633d3d-7abb-4a32-bc8f-e6701fba279f-sock
# environment
VSCODE_CWD = C:\Users\tmpk0\AppData\Local\GitHubDesktop\app-3.0.0
# environment
PATH = C:\Program Files\Common Files\Oracle\Java\javapath;C:\Program Files (x86)\Common Files\Oracle\Java\javapath;C:\WINDOWS\system32;C:\WINDOWS;C:\WINDOWS\System32\Wbem;C:\WINDOWS\System32\WindowsPowerShell\v1.0\;C:\WINDOWS\System32\OpenSSH\;C:\Program Files\dotnet\;C:\Program Files\Git\cmd;C:\Users\tmpk0\anaconda3\pkgs\python-3.8.12-h6244533_0;C:\Program Files\Common Files\Oracle\Java\javapath;C:\Program Files (x86)\Common Files\Oracle\Java\javapath;C:\WINDOWS\system32;C:\WINDOWS;C:\WINDOWS\System32\Wbem;C:\WINDOWS\System32\WindowsPowerShell\v1.0\;C:\WINDOWS\System32\OpenSSH\;C:\Program Files\dotnet\;C:\Program Files\Git\cmd;C:\Users\tmpk0\anaconda3\pkgs\python-3.8.12-h6244533_0;;C:\apps\spark-3.0.3-bin-hadoop2.7\bin;C:\apps\Java\bin;;C:\Users\tmpk0\AppData\Local\Programs\Microsoft VS Code\bin;C:\ghcup\bin
# environment
ONLINESERVICES = Online Services
# environment
COMMONPROGRAMW6432 = C:\Program Files\Common Files
# environment
GHCUP_INSTALL_BASE_PREFIX = C:\
# environment
PROCESSOR_ARCHITECTURE = x86
# environment
BOOST_INCLUDEDIR = C:\local\boost_1_72_0
# environment
USERPROFILE = C:\Users\tmpk0
# environment
ALLUSERSPROFILE = C:\ProgramData
# environment
VSCODE_LOG_STACK = false
# environment
NUMBER_OF_PROCESSORS = 4
# environment
ELECTRON_RUN_AS_NODE = 1
# default
.FEATURES := target-specific order-only second-expansion else-if archives
# environment
CABAL_DIR = C:\cabal
# automatic
%F = $(notdir $%)
# environment
CHROME_CRASHPAD_PIPE_NAME = \\.\pipe\crashpad_17512_XPHALMKHCAOQTYEJ
# environment
VSCODE_PIPE_LOGGING = true
# environment
COMPUTERNAME = LAPTOP-84VJ39HG
# environment
PROGRAMFILES = C:\Program Files (x86)
# environment
DRIVERDATA = C:\Windows\System32\Drivers\DriverData
# environment
ORIGINAL_XDG_CURRENT_DESKTOP = undefined
# environment
HADOOP_HOME = C:\apps\spark-3.0.3-bin-hadoop2.7
# environment
USERNAME = tmpk0
# environment
PYTHON = C:\Users\tmpk0\AppData\Local\Programs\Python\Python39\python.exe
# environment
PUBLIC = C:\Users\Public
# environment
VSCODE_AMD_ENTRYPOINT = vs/workbench/api/node/extensionHostProcess
# environment
VSCODE_CLI = 1
# environment
VSCODE_CODE_CACHE_PATH = C:\Users\tmpk0\AppData\Roaming\Code\CachedData\c3511e6c69bb39013c4a4b7b9566ec1ca73fc4d5
# environment
APPLICATION_INSIGHTS_NO_DIAGNOSTIC_CHANNEL = 1
# en 
vironment
COMMONPROGRAMFILES = C:\Program Files (x86)\Common Files
# environment
LOGONSERVER = \\LAPTOP-84VJ39HG
# environment
ONEDRIVECONSUMER = C:\Users\tmpk0\OneDrive
# environment
VSCODE_HANDLES_UNCAUGHT_ERRORS = true
# environment
USERDOMAIN = LAPTOP-84VJ39HG
# environment
MAKE = C:\Program Files (x86)\GnuWin32\bin\make.exe
# default
MAKECMDGOALS := all
# environment
LOCAL_GIT_DIRECTORY = C:\Users\tmpk0\AppData\Local\GitHubDesktop\app-3.0.0\resources\app\git
# environment
JAVA_HOME = C:\apps\Java\
# default
MAKE_VERSION := 3.81
# makefile
.DEFAULT_GOAL := 
# environment
BOOST_LIBRARYDIR = C:\local\boost_1_72_0\lib64-msvc-14.2
# environment
PROGRAMFILES(X86) = C:\Program Files (x86)
# automatic
%D = $(patsubst %/,%,$(dir $%))
# environment
LOCALAPPDATA = C:\Users\tmpk0\AppData\Local
# environment
PSMODULEPATH = C:\Program Files\WindowsPowerShell\Modules;C:\WINDOWS\system32\WindowsPowerShell\v1.0\Modules
# default
MAKE_COMMAND := C:/Program Files (x86)/GnuWin32/bin/make
# environment
PROCESSOR_ARCHITEW6432 = AMD64
# default
.VARIABLES := 
# automatic
*F = $(notdir $*)
# environment
PROCESSOR_IDENTIFIER = AMD64 Family 23 Model 17 Stepping 0, AuthenticAMD
# environment
OS = Windows_NT
# environment
VSCODE_IPC_HOOK = \\.\pipe\141bd6ea9ac79ce7db4f62232f3975f0-1.67.2-main-sock
# environment
PYTHONPATH = C:\Users\tmpk0\AppData\Local\Programs\Python\Python39
# environment
SPARK_HOME = C:\apps\spark-3.0.3-bin-hadoop2.7
# environment
HOMEPATH = \Users\tmpk0
# environment
COMMONPROGRAMFILES(X86) = C:\Program Files (x8 
6)\Common Files
# environment
PROMPT = $P$G
# environment
MFLAGS = -Rrp
# automatic
*D = $(patsubst %/,%,$(dir $*))
# environment
REGIONCODE = EMEA
# environment
SYSTEMROOT = C:\WINDOWS
# automatic
+D = $(patsubst %/,%,$(dir $+))
# environment
PLATFORMCODE = KV
# automatic
+F = $(notdir $+)
# environment
APPDATA = C:\Users\tmpk0\AppData\Roaming
# environment
TEMP = C:\Users\tmpk0\AppData\Local\Temp
# environment
COMSPEC = C:\WINDOWS\system32\cmd.exe
# default
MAKEFILES := 
# automatic
<F = $(notdir $<)
# environment
LC_ALL = C
# automatic
^F = $(notdir $^)
# default
SUFFIXES := 
# environment
SYSTEMDRIVE = C:
# environment
SESSIONNAME = Console
# environment
PROCESSOR_REVISION = 1100
# environment
MAKELEVEL := 0
# environment
LANG = C
# environment
PROCESSOR_LEVEL = 23
# environment
FPS_BROWSER_APP_PROFILE_STRING = Internet Explorer
# environment
VSCODE_PID = 17512
# environment
USERDOMAIN_ROAMINGPROFILE = LAPTOP-84VJ39HG
# variable set hash-table stats:
# Load=104/1024=10%, Rehash=0, Collisions=8/120=7%

# P 
attern-specific Variable Values

# No pattern-specific variable values.

# Directories

# : could not be stat'd.
# C:\Program Files\Common Files\Oracle\Java\javapath (key C:/Program Files/Common Files/Oracle/Java/javapath, mtime 1634827261): 6 files, no impossibilities.
# C:\WINDOWS\System32\WindowsPowerShell\v1.0\ (key C:/WINDOWS/System32/WindowsPowerShell/v1.0/, mtime 1602861631): 30 files, no impossibilities.
# C:\WINDOWS\System32\Wbem (key C:/WINDOWS/System32/Wbem, mtime 1647004196): 155 files, no impos 
sibilities.
# . (key c:/Users/tmpk0/OneDrive/Documents/Projects/ThirdYearProject, mtime 1653831978): 19 files, no impossibilities.
# C:\Program Files\dotnet\ (key C:/Program Files/dotnet/, mtime 1636564251): 8 files, no impossibilities.
# C:\apps\spark-3.0.3-bin-hadoop2.7\bin (key C:/apps/spark-3.0.3-bin-hadoop2.7/bin, mtime 1635006754): 30 files, no impossibilities.
# C:\WINDOWS\System32\OpenSSH\: could not be stat'd.
# C:\Program Files (x86)\Common Files\Oracle\Java\javapath (key C:/Program Files (x86)/Common Files/Oracle/Java/javapath, mtime 1635007511): 5 files, no impossibilities.
# C:\WINDOWS (key C:/WINDOWS, mtime 1597763466): 129 files, no impossibilities.
# C:\Users\tmpk0\anaconda3\pkgs\python-3.8.12-h6244533_0: could not be stat'd.
# C:\Users\tmpk0\AppData\Local\Programs\Microsoft VS Code\bin (key C:/Users/tmpk0/AppData/Local/Programs/Microsoft VS Code/bin, mtime 1652954855): 4 files, no impossibilities.
# C:\Program Files\Git\cmd (key C:/Program Files/Git/cmd, mtime 1585838803): 8 files, no impossi 
bilities.
# C:\WINDOWS\system32 (key C:/WINDOWS/system32, mtime 1653646534): 3109 files, no impossibilities.
# C:\apps\Java\bin (key C:/apps/Java/bin, mtime 1635007460): 54 files, no impossibilities.
# C:\ghcup\bin: could not be stat'd.

# 3557 files, no impossibilities in 16 directories.

# Implicit Rules

# No implicit rules.

# Files

# Not a target:
all:
#  Command-line target.
#  Implicit rule search has not been done.
#  Modification time never checked.
#  File has not been updated.

# Not a target:
. 
DEFAULT:
#  Implicit rule search has not been done.
#  Modification time never checked.
#  File has not been updated.

# Not a target:
.SUFFIXES:
#  Implicit rule search has not been done.
#  Modification time never checked.
#  File has not been updated.

# Not a target:
C:\Users\tmpk0\Downloads\pylambda-master\Makefile:
#  Implicit rule search has been done.
#  File does not exist.
#  File has not been updated.
# variable set hash-table stats:
# Load=0/32=0%, Rehash=0, Collisions=0/0=0%

# files hash-table 
 stats:
# Load=4/1024=0%, Rehash=0, Collisions=0/15=0%
# VPATH Search Paths

# No `vpath' search paths.

# No general (`VPATH' variable) search path.

# # of strings in strcache: 1
# # of strcache buffers: 1
# strcache size: total = 4096 / max = 4096 / min = 4096 / avg = 4096
# strcache free: total = 4046 / max = 4046 / min = 4046 / avg = 4046

# Finished Make data base on Tue May 31 15:36:56 2022

 
make: *** No rule to make target `C:\Users\tmpk0\Downloads\pylambda-master\Makefile'.  Stop.

